bin\Debug\OgreProyectoFinal01.ilk
bin\Debug\OgreProyectoFinal01.pdb
C:\USERS\ISA\DROPBOX\COMPUTACION GRAFICA I\PROYECTO 7\OGREPROYECTOFINAL01\OGREPROYECTOFINAL01\BIN\DEBUG\OGREPROYECTOFINAL01.EXE
C:\USERS\ISA\DROPBOX\COMPUTACION GRAFICA I\PROYECTO 7\OGREPROYECTOFINAL01\OGREPROYECTOFINAL01\BIN\DEBUG\OGREPROYECTOFINAL01.ILK
C:\USERS\ISA\DROPBOX\COMPUTACION GRAFICA I\PROYECTO 7\OGREPROYECTOFINAL01\OGREPROYECTOFINAL01\BIN\DEBUG\OGREPROYECTOFINAL01.PDB
C:\Users\Isa\Dropbox\Computacion Grafica I\Proyecto 7\OgreProyectoFinal01\OgreProyectoFinal01\obj\Debug\cl.command.1.tlog
C:\Users\Isa\Dropbox\Computacion Grafica I\Proyecto 7\OgreProyectoFinal01\OgreProyectoFinal01\obj\Debug\CL.read.1.tlog
C:\Users\Isa\Dropbox\Computacion Grafica I\Proyecto 7\OgreProyectoFinal01\OgreProyectoFinal01\obj\Debug\CL.write.1.tlog
C:\Users\Isa\Dropbox\Computacion Grafica I\Proyecto 7\OgreProyectoFinal01\OgreProyectoFinal01\obj\Debug\link.4008.read.1.tlog
C:\Users\Isa\Dropbox\Computacion Grafica I\Proyecto 7\OgreProyectoFinal01\OgreProyectoFinal01\obj\Debug\link.4008.write.1.tlog
C:\Users\Isa\Dropbox\Computacion Grafica I\Proyecto 7\OgreProyectoFinal01\OgreProyectoFinal01\obj\Debug\link.4008-cvtres.read.1.tlog
C:\Users\Isa\Dropbox\Computacion Grafica I\Proyecto 7\OgreProyectoFinal01\OgreProyectoFinal01\obj\Debug\link.4008-cvtres.write.1.tlog
C:\Users\Isa\Dropbox\Computacion Grafica I\Proyecto 7\OgreProyectoFinal01\OgreProyectoFinal01\obj\Debug\link.5332.read.1.tlog
C:\Users\Isa\Dropbox\Computacion Grafica I\Proyecto 7\OgreProyectoFinal01\OgreProyectoFinal01\obj\Debug\link.5332.write.1.tlog
C:\Users\Isa\Dropbox\Computacion Grafica I\Proyecto 7\OgreProyectoFinal01\OgreProyectoFinal01\obj\Debug\link.5332-cvtres.read.1.tlog
C:\Users\Isa\Dropbox\Computacion Grafica I\Proyecto 7\OgreProyectoFinal01\OgreProyectoFinal01\obj\Debug\link.5332-cvtres.write.1.tlog
C:\Users\Isa\Dropbox\Computacion Grafica I\Proyecto 7\OgreProyectoFinal01\OgreProyectoFinal01\obj\Debug\link.command.1.tlog
C:\Users\Isa\Dropbox\Computacion Grafica I\Proyecto 7\OgreProyectoFinal01\OgreProyectoFinal01\obj\Debug\link.read.1.tlog
C:\Users\Isa\Dropbox\Computacion Grafica I\Proyecto 7\OgreProyectoFinal01\OgreProyectoFinal01\obj\Debug\link.write.1.tlog
C:\Users\Isa\Dropbox\Computacion Grafica I\Proyecto 7\OgreProyectoFinal01\OgreProyectoFinal01\obj\Debug\link-cvtres.read.1.tlog
C:\Users\Isa\Dropbox\Computacion Grafica I\Proyecto 7\OgreProyectoFinal01\OgreProyectoFinal01\obj\Debug\link-cvtres.write.1.tlog
C:\USERS\ISA\DROPBOX\COMPUTACION GRAFICA I\PROYECTO 7\OGREPROYECTOFINAL01\OGREPROYECTOFINAL01\OBJ\DEBUG\MAIN.OBJ
C:\Users\Isa\Dropbox\Computacion Grafica I\Proyecto 7\OgreProyectoFinal01\OgreProyectoFinal01\obj\Debug\mt.command.1.tlog
C:\Users\Isa\Dropbox\Computacion Grafica I\Proyecto 7\OgreProyectoFinal01\OgreProyectoFinal01\obj\Debug\mt.read.1.tlog
C:\Users\Isa\Dropbox\Computacion Grafica I\Proyecto 7\OgreProyectoFinal01\OgreProyectoFinal01\obj\Debug\mt.write.1.tlog
C:\USERS\ISA\DROPBOX\COMPUTACION GRAFICA I\PROYECTO 7\OGREPROYECTOFINAL01\OGREPROYECTOFINAL01\OBJ\DEBUG\OGREPROYECTOFINAL01.EXE.EMBED.MANIFEST
C:\USERS\ISA\DROPBOX\COMPUTACION GRAFICA I\PROYECTO 7\OGREPROYECTOFINAL01\OGREPROYECTOFINAL01\OBJ\DEBUG\OGREPROYECTOFINAL01.EXE.EMBED.MANIFEST.RES
C:\USERS\ISA\DROPBOX\COMPUTACION GRAFICA I\PROYECTO 7\OGREPROYECTOFINAL01\OGREPROYECTOFINAL01\OBJ\DEBUG\OGREPROYECTOFINAL01.EXE.INTERMEDIATE.MANIFEST
C:\Users\Isa\Dropbox\Computacion Grafica I\Proyecto 7\OgreProyectoFinal01\OgreProyectoFinal01\obj\Debug\OgreProyectoFinal01_manifest.rc
C:\Users\Isa\Dropbox\Computacion Grafica I\Proyecto 7\OgreProyectoFinal01\OgreProyectoFinal01\obj\Debug\rc.command.1.tlog
C:\Users\Isa\Dropbox\Computacion Grafica I\Proyecto 7\OgreProyectoFinal01\OgreProyectoFinal01\obj\Debug\rc.read.1.tlog
C:\Users\Isa\Dropbox\Computacion Grafica I\Proyecto 7\OgreProyectoFinal01\OgreProyectoFinal01\obj\Debug\rc.write.1.tlog
C:\Users\Isa\Dropbox\Computacion Grafica I\Proyecto 7\OgreProyectoFinal01\OgreProyectoFinal01\obj\Debug\vc100.idb
C:\USERS\ISA\DROPBOX\COMPUTACION GRAFICA I\PROYECTO 7\OGREPROYECTOFINAL01\OGREPROYECTOFINAL01\OBJ\DEBUG\VC100.PDB
